<?xml version="1.0" encoding="UTF-8"?>
<!-- Generated by org.testng.reporters.JUnitReportReporter -->
<testsuite hostname="Thuvas-MacBook-Air.local" failures="0" tests="1" name="testCases.TC003_ClothingItemFromTheGearSectionAndAddThemToTheCartTest" time="69.023" errors="0" timestamp="2024-07-27T21:54:06 IST" skipped="0">
  <testcase classname="testCases.TC003_ClothingItemFromTheGearSectionAndAddThemToTheCartTest" name="validate_that_the_item_has_successfully_been_added_to_the_cart" time="69.023"/>
</testsuite> <!-- testCases.TC003_ClothingItemFromTheGearSectionAndAddThemToTheCartTest -->
