<?xml version="1.0" encoding="UTF-8"?>
<!-- Generated by org.testng.reporters.JUnitReportReporter -->
<testsuite hostname="Thuvas-MacBook-Air.local" failures="0" tests="1" name="testCases.TC002_SearchResultsUnderWomensTopsSectionByCATEGORYAndCOLOR" time="125.854" errors="0" timestamp="2024-07-27T00:46:48 IST" skipped="0">
  <testcase classname="testCases.TC002_SearchResultsUnderWomensTopsSectionByCATEGORYAndCOLOR" name="validate_that_the_results_returned_matches_the_filter_criteria" time="125.854"/>
</testsuite> <!-- testCases.TC002_SearchResultsUnderWomensTopsSectionByCATEGORYAndCOLOR -->
