<?xml version="1.0" encoding="UTF-8"?>
<!-- Generated by org.testng.reporters.JUnitReportReporter -->
<testsuite hostname="Thuvas-MacBook-Air.local" failures="0" tests="1" name="testCases.TC002_SearchResultsUnderWomensTopsSectionByCategoryAndColorTest" time="124.205" errors="0" timestamp="2024-07-27T21:54:06 IST" skipped="0">
  <testcase classname="testCases.TC002_SearchResultsUnderWomensTopsSectionByCategoryAndColorTest" name="validate_that_the_results_returned_matches_the_filter_criteria" time="124.205"/>
</testsuite> <!-- testCases.TC002_SearchResultsUnderWomensTopsSectionByCategoryAndColorTest -->
