<?xml version="1.0" encoding="UTF-8"?>
<!-- Generated by org.testng.reporters.JUnitReportReporter -->
<testsuite hostname="Thuvas-MacBook-Air.local" failures="0" tests="1" name="testCases.TC001_UsersAreAbleToSearchForAnItemUsingTheSearchBarTest" time="32.103" errors="0" timestamp="2024-07-27T21:54:06 IST" skipped="0">
  <testcase classname="testCases.TC001_UsersAreAbleToSearchForAnItemUsingTheSearchBarTest" name="validate_that_the_results_returned_matches_the_search_term" time="32.103"/>
</testsuite> <!-- testCases.TC001_UsersAreAbleToSearchForAnItemUsingTheSearchBarTest -->
