<?xml version="1.0" encoding="UTF-8"?>
<!-- Generated by org.testng.reporters.JUnitReportReporter -->
<testsuite hostname="Thuvas-MacBook-Air.local" failures="0" tests="1" name="pageObjects.test" time="0.007" errors="0" timestamp="2024-07-27T21:18:18 IST" skipped="0">
  <testcase classname="pageObjects.test" name="test" time="0.007"/>
</testsuite> <!-- pageObjects.test -->
