<?xml version="1.0" encoding="UTF-8"?>
<!-- Generated by org.testng.reporters.JUnitReportReporter -->
<testsuite hostname="Thuvas-MacBook-Air.local" failures="0" tests="1" name="testCases.TC001_UsersAreAbleToSearchForAnItemUsingTheSearchBar" time="32.039" errors="0" timestamp="2024-07-27T00:13:28 IST" skipped="0">
  <testcase classname="testCases.TC001_UsersAreAbleToSearchForAnItemUsingTheSearchBar" name="verify_search_result_correct" time="32.039"/>
</testsuite> <!-- testCases.TC001_UsersAreAbleToSearchForAnItemUsingTheSearchBar -->
